[2024-05-24T07:38:05.936+0000] {taskinstance.py:1159} INFO - Dependencies all met for dep_context=non-requeueable deps ti=<TaskInstance: MySQL_to_Redshift_v2.mysql_to_s3_nps manual__2024-05-24T07:35:00.872245+00:00 [queued]>
[2024-05-24T07:38:05.939+0000] {taskinstance.py:1159} INFO - Dependencies all met for dep_context=requeueable deps ti=<TaskInstance: MySQL_to_Redshift_v2.mysql_to_s3_nps manual__2024-05-24T07:35:00.872245+00:00 [queued]>
[2024-05-24T07:38:05.939+0000] {taskinstance.py:1361} INFO - Starting attempt 1 of 2
[2024-05-24T07:38:05.945+0000] {taskinstance.py:1382} INFO - Executing <Task(SqlToS3Operator): mysql_to_s3_nps> on 2024-05-24 07:35:00.872245+00:00
[2024-05-24T07:38:05.947+0000] {standard_task_runner.py:57} INFO - Started process 216 to run task
[2024-05-24T07:38:05.949+0000] {standard_task_runner.py:84} INFO - Running: ['***', 'tasks', 'run', 'MySQL_to_Redshift_v2', 'mysql_to_s3_nps', 'manual__2024-05-24T07:35:00.872245+00:00', '--job-id', '6', '--raw', '--subdir', 'DAGS_FOLDER/MySQL_to_Redshift_v2.py', '--cfg-path', '/tmp/tmp6zonrral']
[2024-05-24T07:38:05.950+0000] {standard_task_runner.py:85} INFO - Job 6: Subtask mysql_to_s3_nps
[2024-05-24T07:38:05.971+0000] {task_command.py:416} INFO - Running <TaskInstance: MySQL_to_Redshift_v2.mysql_to_s3_nps manual__2024-05-24T07:35:00.872245+00:00 [running]> on host d579a67aea10
[2024-05-24T07:38:05.991+0000] {warnings.py:109} WARNING - /home/***/.local/lib/python3.8/site-packages/***/utils/context.py:206: AirflowContextDeprecationWarning: Accessing 'execution_date' from the template is deprecated and will be removed in a future version. Please use 'data_interval_start' or 'logical_date' instead.
  warnings.warn(_create_deprecation_warning(key, self._deprecation_replacements[key]))

[2024-05-24T07:38:06.005+0000] {taskinstance.py:1662} INFO - Exporting env vars: AIRFLOW_CTX_DAG_OWNER='***' AIRFLOW_CTX_DAG_ID='MySQL_to_Redshift_v2' AIRFLOW_CTX_TASK_ID='mysql_to_s3_nps' AIRFLOW_CTX_EXECUTION_DATE='2024-05-24T07:35:00.872245+00:00' AIRFLOW_CTX_TRY_NUMBER='1' AIRFLOW_CTX_DAG_RUN_ID='manual__2024-05-24T07:35:00.872245+00:00'
[2024-05-24T07:38:06.009+0000] {base.py:73} INFO - Using connection ID 'mysql_conn_id' for task execution.
[2024-05-24T07:38:06.224+0000] {base.py:73} INFO - Using connection ID 'mysql_conn_id' for task execution.
[2024-05-24T07:38:06.275+0000] {warnings.py:109} WARNING - /home/***/.local/lib/python3.8/site-packages/***/providers/common/sql/hooks/sql.py:219: UserWarning: pandas only supports SQLAlchemy connectable (engine/connection) or database string URI or sqlite3 DBAPI2 connection. Other DBAPI2 objects are not tested. Please consider using SQLAlchemy.
  return psql.read_sql(sql, con=conn, params=parameters, **kwargs)

[2024-05-24T07:38:06.346+0000] {sql_to_s3.py:179} INFO - Data from SQL obtained
[2024-05-24T07:38:06.347+0000] {sql_to_s3.py:186} INFO - Writing data to temp file
[2024-05-24T07:38:06.348+0000] {sql_to_s3.py:189} INFO - Uploading data to S3
[2024-05-24T07:38:06.356+0000] {base.py:73} INFO - Using connection ID 'aws_conn_id' for task execution.
[2024-05-24T07:38:06.357+0000] {connection_wrapper.py:378} INFO - AWS Connection (conn_id='aws_conn_id', conn_type='aws') credentials retrieved from login and password.
[2024-05-24T07:38:06.525+0000] {warnings.py:109} WARNING - /home/***/.local/lib/python3.8/site-packages/urllib3/connectionpool.py:1061: InsecureRequestWarning: Unverified HTTPS request is being made to host 'grepp-data-engineering.s3.ap-northeast-2.amazonaws.com'. Adding certificate verification is strongly advised. See: https://urllib3.readthedocs.io/en/1.26.x/advanced-usage.html#ssl-warnings
  warnings.warn(

[2024-05-24T07:38:06.562+0000] {taskinstance.py:1400} INFO - Marking task as SUCCESS. dag_id=MySQL_to_Redshift_v2, task_id=mysql_to_s3_nps, execution_date=20240524T073500, start_date=20240524T073805, end_date=20240524T073806
[2024-05-24T07:38:06.601+0000] {local_task_job_runner.py:228} INFO - Task exited with return code 0
[2024-05-24T07:38:06.611+0000] {taskinstance.py:2778} INFO - 1 downstream tasks scheduled from follow-on schedule check
