[2024-05-22T04:52:48.250+0000] {taskinstance.py:1159} INFO - Dependencies all met for dep_context=non-requeueable deps ti=<TaskInstance: namegender_v5.load scheduled__2024-05-21T02:00:00+00:00 [queued]>
[2024-05-22T04:52:48.254+0000] {taskinstance.py:1159} INFO - Dependencies all met for dep_context=requeueable deps ti=<TaskInstance: namegender_v5.load scheduled__2024-05-21T02:00:00+00:00 [queued]>
[2024-05-22T04:52:48.254+0000] {taskinstance.py:1361} INFO - Starting attempt 1 of 2
[2024-05-22T04:52:48.259+0000] {taskinstance.py:1382} INFO - Executing <Task(_PythonDecoratedOperator): load> on 2024-05-21 02:00:00+00:00
[2024-05-22T04:52:48.262+0000] {standard_task_runner.py:57} INFO - Started process 463 to run task
[2024-05-22T04:52:48.264+0000] {standard_task_runner.py:84} INFO - Running: ['***', 'tasks', 'run', 'namegender_v5', 'load', 'scheduled__2024-05-21T02:00:00+00:00', '--job-id', '22', '--raw', '--subdir', 'DAGS_FOLDER/NameGenderCSVtoRedshift_v5.py', '--cfg-path', '/tmp/tmpg1065t7q']
[2024-05-22T04:52:48.266+0000] {standard_task_runner.py:85} INFO - Job 22: Subtask load
[2024-05-22T04:52:48.290+0000] {task_command.py:416} INFO - Running <TaskInstance: namegender_v5.load scheduled__2024-05-21T02:00:00+00:00 [running]> on host b8721ae4b73c
[2024-05-22T04:52:48.328+0000] {taskinstance.py:1662} INFO - Exporting env vars: AIRFLOW_CTX_DAG_OWNER='***' AIRFLOW_CTX_DAG_ID='namegender_v5' AIRFLOW_CTX_TASK_ID='load' AIRFLOW_CTX_EXECUTION_DATE='2024-05-21T02:00:00+00:00' AIRFLOW_CTX_TRY_NUMBER='1' AIRFLOW_CTX_DAG_RUN_ID='scheduled__2024-05-21T02:00:00+00:00'
[2024-05-22T04:52:48.329+0000] {NameGenderCSVtoRedshift_v5.py:40} INFO - load started
[2024-05-22T04:52:48.334+0000] {base.py:73} INFO - Using connection ID 'redshift_dev_db' for task execution.
[2024-05-22T04:52:48.512+0000] {logging_mixin.py:154} INFO - Adaleigh - F
[2024-05-22T04:52:48.547+0000] {logging_mixin.py:154} INFO - Amryn - Unisex
[2024-05-22T04:52:48.578+0000] {logging_mixin.py:154} INFO - Apurva - Unisex
[2024-05-22T04:52:48.619+0000] {logging_mixin.py:154} INFO - Aryion - M
[2024-05-22T04:52:48.657+0000] {logging_mixin.py:154} INFO - Alixia - F
[2024-05-22T04:52:48.692+0000] {logging_mixin.py:154} INFO - Alyssarose - F
[2024-05-22T04:52:48.728+0000] {logging_mixin.py:154} INFO - Arvell - M
[2024-05-22T04:52:48.760+0000] {logging_mixin.py:154} INFO - Aibel - M
[2024-05-22T04:52:48.796+0000] {logging_mixin.py:154} INFO - Atiyyah - F
[2024-05-22T04:52:48.837+0000] {logging_mixin.py:154} INFO - Adlie - F
[2024-05-22T04:52:48.868+0000] {logging_mixin.py:154} INFO - Anyely - F
[2024-05-22T04:52:48.901+0000] {logging_mixin.py:154} INFO - Aamoni - F
[2024-05-22T04:52:48.953+0000] {logging_mixin.py:154} INFO - Ahman - M
[2024-05-22T04:52:48.989+0000] {logging_mixin.py:154} INFO - Arlane - F
[2024-05-22T04:52:49.052+0000] {logging_mixin.py:154} INFO - Armoney - F
[2024-05-22T04:52:49.090+0000] {logging_mixin.py:154} INFO - Atzhiry - F
[2024-05-22T04:52:49.118+0000] {logging_mixin.py:154} INFO - Antonette - F
[2024-05-22T04:52:49.147+0000] {logging_mixin.py:154} INFO - Akeelah - F
[2024-05-22T04:52:49.174+0000] {logging_mixin.py:154} INFO - Abdikadir - M
[2024-05-22T04:52:49.207+0000] {logging_mixin.py:154} INFO - Arinze - M
[2024-05-22T04:52:49.241+0000] {logging_mixin.py:154} INFO - Arshaun - M
[2024-05-22T04:52:49.276+0000] {logging_mixin.py:154} INFO - Alexandro - M
[2024-05-22T04:52:49.308+0000] {logging_mixin.py:154} INFO - Ayriauna - F
[2024-05-22T04:52:49.342+0000] {logging_mixin.py:154} INFO - Aqib - M
[2024-05-22T04:52:49.380+0000] {logging_mixin.py:154} INFO - Alleya - F
[2024-05-22T04:52:49.411+0000] {logging_mixin.py:154} INFO - Aavah - F
[2024-05-22T04:52:49.439+0000] {logging_mixin.py:154} INFO - Anesti - Unisex
[2024-05-22T04:52:49.475+0000] {logging_mixin.py:154} INFO - Adalaide - F
[2024-05-22T04:52:49.508+0000] {logging_mixin.py:154} INFO - Analena - F
[2024-05-22T04:52:49.539+0000] {logging_mixin.py:154} INFO - Alaeyah - F
[2024-05-22T04:52:49.574+0000] {logging_mixin.py:154} INFO - Albena - F
[2024-05-22T04:52:49.608+0000] {logging_mixin.py:154} INFO - Aimi - F
[2024-05-22T04:52:49.639+0000] {logging_mixin.py:154} INFO - Adwaith - M
[2024-05-22T04:52:49.680+0000] {logging_mixin.py:154} INFO - Arkady - M
[2024-05-22T04:52:49.714+0000] {logging_mixin.py:154} INFO - Astyn - Unisex
[2024-05-22T04:52:49.752+0000] {logging_mixin.py:154} INFO - Adelee - F
[2024-05-22T04:52:49.944+0000] {logging_mixin.py:154} INFO - Agata - F
[2024-05-22T04:52:49.977+0000] {logging_mixin.py:154} INFO - Alegna - F
[2024-05-22T04:52:50.008+0000] {logging_mixin.py:154} INFO - Altan - M
[2024-05-22T04:52:50.057+0000] {logging_mixin.py:154} INFO - Ahnaleigh - F
[2024-05-22T04:52:50.090+0000] {logging_mixin.py:154} INFO - Algie - Unisex
[2024-05-22T04:52:50.126+0000] {logging_mixin.py:154} INFO - Ashanti - F
[2024-05-22T04:52:50.173+0000] {logging_mixin.py:154} INFO - Aislyn - F
[2024-05-22T04:52:50.211+0000] {logging_mixin.py:154} INFO - Adaleine - F
[2024-05-22T04:52:50.241+0000] {logging_mixin.py:154} INFO - Anthnoy - M
[2024-05-22T04:52:50.273+0000] {logging_mixin.py:154} INFO - Algernon - M
[2024-05-22T04:52:50.303+0000] {logging_mixin.py:154} INFO - Aeryona - F
[2024-05-22T04:52:50.335+0000] {logging_mixin.py:154} INFO - Adrinne - F
[2024-05-22T04:52:50.367+0000] {logging_mixin.py:154} INFO - Addell - F
[2024-05-22T04:52:50.395+0000] {logging_mixin.py:154} INFO - Avril - F
[2024-05-22T04:52:50.441+0000] {logging_mixin.py:154} INFO - Ahni - F
[2024-05-22T04:52:50.478+0000] {logging_mixin.py:154} INFO - Aimon - M
[2024-05-22T04:52:50.509+0000] {logging_mixin.py:154} INFO - Adolpho - M
[2024-05-22T04:52:50.553+0000] {logging_mixin.py:154} INFO - Ahuva - F
[2024-05-22T04:52:50.584+0000] {logging_mixin.py:154} INFO - Aurielle - F
[2024-05-22T04:52:50.617+0000] {logging_mixin.py:154} INFO - Aveana - F
[2024-05-22T04:52:50.653+0000] {logging_mixin.py:154} INFO - Aliyia - F
[2024-05-22T04:52:50.761+0000] {logging_mixin.py:154} INFO - Alesander - M
[2024-05-22T04:52:50.807+0000] {logging_mixin.py:154} INFO - Adnrea - F
[2024-05-22T04:52:50.843+0000] {logging_mixin.py:154} INFO - Anjae - F
[2024-05-22T04:52:50.873+0000] {logging_mixin.py:154} INFO - Alvine - F
[2024-05-22T04:52:50.907+0000] {logging_mixin.py:154} INFO - Adorah - F
[2024-05-22T04:52:50.938+0000] {logging_mixin.py:154} INFO - Adlemi - F
[2024-05-22T04:52:50.971+0000] {logging_mixin.py:154} INFO - Alesi - F
[2024-05-22T04:52:51.008+0000] {logging_mixin.py:154} INFO - Alontae - M
[2024-05-22T04:52:51.046+0000] {logging_mixin.py:154} INFO - Antonny - M
[2024-05-22T04:52:51.079+0000] {logging_mixin.py:154} INFO - Adarah - F
[2024-05-22T04:52:51.111+0000] {logging_mixin.py:154} INFO - Ayreanna - F
[2024-05-22T04:52:51.141+0000] {logging_mixin.py:154} INFO - Antyon - M
[2024-05-22T04:52:51.176+0000] {logging_mixin.py:154} INFO - Andia - F
[2024-05-22T04:52:51.232+0000] {logging_mixin.py:154} INFO - Ashla - F
[2024-05-22T04:52:51.269+0000] {logging_mixin.py:154} INFO - Aspyn - F
[2024-05-22T04:52:51.307+0000] {logging_mixin.py:154} INFO - Antwanett - F
[2024-05-22T04:52:51.345+0000] {logging_mixin.py:154} INFO - Aundreia - F
[2024-05-22T04:52:51.392+0000] {logging_mixin.py:154} INFO - Audella - F
[2024-05-22T04:52:51.431+0000] {logging_mixin.py:154} INFO - Amari - Unisex
[2024-05-22T04:52:51.471+0000] {logging_mixin.py:154} INFO - Arsha - Unisex
[2024-05-22T04:52:51.523+0000] {logging_mixin.py:154} INFO - Aricella - F
[2024-05-22T04:52:51.563+0000] {logging_mixin.py:154} INFO - Adan - M
[2024-05-22T04:52:51.598+0000] {logging_mixin.py:154} INFO - Apasra - F
[2024-05-22T04:52:51.631+0000] {logging_mixin.py:154} INFO - Alaysha - F
[2024-05-22T04:52:51.668+0000] {logging_mixin.py:154} INFO - Anderson - M
[2024-05-22T04:52:51.704+0000] {logging_mixin.py:154} INFO - Aurelius - M
[2024-05-22T04:52:51.743+0000] {logging_mixin.py:154} INFO - Aerial - F
[2024-05-22T04:52:51.779+0000] {logging_mixin.py:154} INFO - Averleigh - F
[2024-05-22T04:52:51.811+0000] {logging_mixin.py:154} INFO - Aslean - F
[2024-05-22T04:52:51.846+0000] {logging_mixin.py:154} INFO - Arniesha - F
[2024-05-22T04:52:51.881+0000] {logging_mixin.py:154} INFO - Asyana - F
[2024-05-22T04:52:51.923+0000] {logging_mixin.py:154} INFO - Annjane - F
[2024-05-22T04:52:51.961+0000] {logging_mixin.py:154} INFO - Amabella - F
[2024-05-22T04:52:52.006+0000] {logging_mixin.py:154} INFO - Austinjohn - M
[2024-05-22T04:52:52.046+0000] {logging_mixin.py:154} INFO - Arloween - F
[2024-05-22T04:52:52.081+0000] {logging_mixin.py:154} INFO - Alula - M
[2024-05-22T04:52:52.118+0000] {logging_mixin.py:154} INFO - Anemone - F
[2024-05-22T04:52:52.151+0000] {logging_mixin.py:154} INFO - Amorina - F
[2024-05-22T04:52:52.184+0000] {logging_mixin.py:154} INFO - Anureet - F
[2024-05-22T04:52:52.225+0000] {logging_mixin.py:154} INFO - Arric - M
[2024-05-22T04:52:52.266+0000] {logging_mixin.py:154} INFO - Antonne - M
[2024-05-22T04:52:52.308+0000] {logging_mixin.py:154} INFO - Alyre - M
[2024-05-22T04:52:52.357+0000] {logging_mixin.py:154} INFO - Annaise - F
[2024-05-22T04:52:52.470+0000] {NameGenderCSVtoRedshift_v5.py:64} INFO - load done
[2024-05-22T04:52:52.475+0000] {python.py:194} INFO - Done. Returned value was: None
[2024-05-22T04:52:52.498+0000] {taskinstance.py:1400} INFO - Marking task as SUCCESS. dag_id=namegender_v5, task_id=load, execution_date=20240521T020000, start_date=20240522T045248, end_date=20240522T045252
[2024-05-22T04:52:52.553+0000] {local_task_job_runner.py:228} INFO - Task exited with return code 0
[2024-05-22T04:52:52.576+0000] {taskinstance.py:2778} INFO - 0 downstream tasks scheduled from follow-on schedule check
