[2024-05-22T04:52:07.824+0000] {taskinstance.py:1159} INFO - Dependencies all met for dep_context=non-requeueable deps ti=<TaskInstance: name_gender_v4.load scheduled__2024-05-21T02:00:00+00:00 [queued]>
[2024-05-22T04:52:07.828+0000] {taskinstance.py:1159} INFO - Dependencies all met for dep_context=requeueable deps ti=<TaskInstance: name_gender_v4.load scheduled__2024-05-21T02:00:00+00:00 [queued]>
[2024-05-22T04:52:07.829+0000] {taskinstance.py:1361} INFO - Starting attempt 1 of 2
[2024-05-22T04:52:07.834+0000] {taskinstance.py:1382} INFO - Executing <Task(PythonOperator): load> on 2024-05-21 02:00:00+00:00
[2024-05-22T04:52:07.837+0000] {standard_task_runner.py:57} INFO - Started process 446 to run task
[2024-05-22T04:52:07.839+0000] {standard_task_runner.py:84} INFO - Running: ['***', 'tasks', 'run', 'name_gender_v4', 'load', 'scheduled__2024-05-21T02:00:00+00:00', '--job-id', '19', '--raw', '--subdir', 'DAGS_FOLDER/NameGenderCSVtoRedshift_v4.py', '--cfg-path', '/tmp/tmpn308e9k9']
[2024-05-22T04:52:07.843+0000] {standard_task_runner.py:85} INFO - Job 19: Subtask load
[2024-05-22T04:52:07.869+0000] {task_command.py:416} INFO - Running <TaskInstance: name_gender_v4.load scheduled__2024-05-21T02:00:00+00:00 [running]> on host b8721ae4b73c
[2024-05-22T04:52:07.901+0000] {taskinstance.py:1662} INFO - Exporting env vars: AIRFLOW_CTX_DAG_OWNER='***' AIRFLOW_CTX_DAG_ID='name_gender_v4' AIRFLOW_CTX_TASK_ID='load' AIRFLOW_CTX_EXECUTION_DATE='2024-05-21T02:00:00+00:00' AIRFLOW_CTX_TRY_NUMBER='1' AIRFLOW_CTX_DAG_RUN_ID='scheduled__2024-05-21T02:00:00+00:00'
[2024-05-22T04:52:07.902+0000] {NameGenderCSVtoRedshift_v4.py:46} INFO - load started
[2024-05-22T04:52:07.910+0000] {base.py:73} INFO - Using connection ID 'redshift_dev_db' for task execution.
[2024-05-22T04:52:08.054+0000] {logging_mixin.py:154} INFO - Adaleigh - F
[2024-05-22T04:52:08.089+0000] {logging_mixin.py:154} INFO - Amryn - Unisex
[2024-05-22T04:52:08.122+0000] {logging_mixin.py:154} INFO - Apurva - Unisex
[2024-05-22T04:52:08.156+0000] {logging_mixin.py:154} INFO - Aryion - M
[2024-05-22T04:52:08.201+0000] {logging_mixin.py:154} INFO - Alixia - F
[2024-05-22T04:52:08.236+0000] {logging_mixin.py:154} INFO - Alyssarose - F
[2024-05-22T04:52:08.267+0000] {logging_mixin.py:154} INFO - Arvell - M
[2024-05-22T04:52:08.298+0000] {logging_mixin.py:154} INFO - Aibel - M
[2024-05-22T04:52:08.330+0000] {logging_mixin.py:154} INFO - Atiyyah - F
[2024-05-22T04:52:08.364+0000] {logging_mixin.py:154} INFO - Adlie - F
[2024-05-22T04:52:08.399+0000] {logging_mixin.py:154} INFO - Anyely - F
[2024-05-22T04:52:08.433+0000] {logging_mixin.py:154} INFO - Aamoni - F
[2024-05-22T04:52:08.470+0000] {logging_mixin.py:154} INFO - Ahman - M
[2024-05-22T04:52:08.502+0000] {logging_mixin.py:154} INFO - Arlane - F
[2024-05-22T04:52:08.535+0000] {logging_mixin.py:154} INFO - Armoney - F
[2024-05-22T04:52:08.568+0000] {logging_mixin.py:154} INFO - Atzhiry - F
[2024-05-22T04:52:08.601+0000] {logging_mixin.py:154} INFO - Antonette - F
[2024-05-22T04:52:08.631+0000] {logging_mixin.py:154} INFO - Akeelah - F
[2024-05-22T04:52:08.661+0000] {logging_mixin.py:154} INFO - Abdikadir - M
[2024-05-22T04:52:08.695+0000] {logging_mixin.py:154} INFO - Arinze - M
[2024-05-22T04:52:08.737+0000] {logging_mixin.py:154} INFO - Arshaun - M
[2024-05-22T04:52:08.784+0000] {logging_mixin.py:154} INFO - Alexandro - M
[2024-05-22T04:52:08.820+0000] {logging_mixin.py:154} INFO - Ayriauna - F
[2024-05-22T04:52:08.851+0000] {logging_mixin.py:154} INFO - Aqib - M
[2024-05-22T04:52:08.892+0000] {logging_mixin.py:154} INFO - Alleya - F
[2024-05-22T04:52:08.928+0000] {logging_mixin.py:154} INFO - Aavah - F
[2024-05-22T04:52:08.956+0000] {logging_mixin.py:154} INFO - Anesti - Unisex
[2024-05-22T04:52:08.987+0000] {logging_mixin.py:154} INFO - Adalaide - F
[2024-05-22T04:52:09.084+0000] {logging_mixin.py:154} INFO - Analena - F
[2024-05-22T04:52:09.136+0000] {logging_mixin.py:154} INFO - Alaeyah - F
[2024-05-22T04:52:09.169+0000] {logging_mixin.py:154} INFO - Albena - F
[2024-05-22T04:52:09.197+0000] {logging_mixin.py:154} INFO - Aimi - F
[2024-05-22T04:52:09.227+0000] {logging_mixin.py:154} INFO - Adwaith - M
[2024-05-22T04:52:09.257+0000] {logging_mixin.py:154} INFO - Arkady - M
[2024-05-22T04:52:09.287+0000] {logging_mixin.py:154} INFO - Astyn - Unisex
[2024-05-22T04:52:09.317+0000] {logging_mixin.py:154} INFO - Adelee - F
[2024-05-22T04:52:09.349+0000] {logging_mixin.py:154} INFO - Agata - F
[2024-05-22T04:52:09.403+0000] {logging_mixin.py:154} INFO - Alegna - F
[2024-05-22T04:52:09.437+0000] {logging_mixin.py:154} INFO - Altan - M
[2024-05-22T04:52:09.478+0000] {logging_mixin.py:154} INFO - Ahnaleigh - F
[2024-05-22T04:52:09.515+0000] {logging_mixin.py:154} INFO - Algie - Unisex
[2024-05-22T04:52:09.553+0000] {logging_mixin.py:154} INFO - Ashanti - F
[2024-05-22T04:52:09.591+0000] {logging_mixin.py:154} INFO - Aislyn - F
[2024-05-22T04:52:09.627+0000] {logging_mixin.py:154} INFO - Adaleine - F
[2024-05-22T04:52:09.666+0000] {logging_mixin.py:154} INFO - Anthnoy - M
[2024-05-22T04:52:09.702+0000] {logging_mixin.py:154} INFO - Algernon - M
[2024-05-22T04:52:09.738+0000] {logging_mixin.py:154} INFO - Aeryona - F
[2024-05-22T04:52:09.773+0000] {logging_mixin.py:154} INFO - Adrinne - F
[2024-05-22T04:52:09.811+0000] {logging_mixin.py:154} INFO - Addell - F
[2024-05-22T04:52:09.843+0000] {logging_mixin.py:154} INFO - Avril - F
[2024-05-22T04:52:09.876+0000] {logging_mixin.py:154} INFO - Ahni - F
[2024-05-22T04:52:09.912+0000] {logging_mixin.py:154} INFO - Aimon - M
[2024-05-22T04:52:09.948+0000] {logging_mixin.py:154} INFO - Adolpho - M
[2024-05-22T04:52:09.978+0000] {logging_mixin.py:154} INFO - Ahuva - F
[2024-05-22T04:52:10.009+0000] {logging_mixin.py:154} INFO - Aurielle - F
[2024-05-22T04:52:10.042+0000] {logging_mixin.py:154} INFO - Aveana - F
[2024-05-22T04:52:10.078+0000] {logging_mixin.py:154} INFO - Aliyia - F
[2024-05-22T04:52:10.115+0000] {logging_mixin.py:154} INFO - Alesander - M
[2024-05-22T04:52:10.153+0000] {logging_mixin.py:154} INFO - Adnrea - F
[2024-05-22T04:52:10.192+0000] {logging_mixin.py:154} INFO - Anjae - F
[2024-05-22T04:52:10.230+0000] {logging_mixin.py:154} INFO - Alvine - F
[2024-05-22T04:52:10.261+0000] {logging_mixin.py:154} INFO - Adorah - F
[2024-05-22T04:52:10.292+0000] {logging_mixin.py:154} INFO - Adlemi - F
[2024-05-22T04:52:10.322+0000] {logging_mixin.py:154} INFO - Alesi - F
[2024-05-22T04:52:10.418+0000] {logging_mixin.py:154} INFO - Alontae - M
[2024-05-22T04:52:10.451+0000] {logging_mixin.py:154} INFO - Antonny - M
[2024-05-22T04:52:10.486+0000] {logging_mixin.py:154} INFO - Adarah - F
[2024-05-22T04:52:10.520+0000] {logging_mixin.py:154} INFO - Ayreanna - F
[2024-05-22T04:52:10.573+0000] {logging_mixin.py:154} INFO - Antyon - M
[2024-05-22T04:52:10.606+0000] {logging_mixin.py:154} INFO - Andia - F
[2024-05-22T04:52:10.643+0000] {logging_mixin.py:154} INFO - Ashla - F
[2024-05-22T04:52:10.681+0000] {logging_mixin.py:154} INFO - Aspyn - F
[2024-05-22T04:52:10.714+0000] {logging_mixin.py:154} INFO - Antwanett - F
[2024-05-22T04:52:10.751+0000] {logging_mixin.py:154} INFO - Aundreia - F
[2024-05-22T04:52:10.787+0000] {logging_mixin.py:154} INFO - Audella - F
[2024-05-22T04:52:10.829+0000] {logging_mixin.py:154} INFO - Amari - Unisex
[2024-05-22T04:52:10.860+0000] {logging_mixin.py:154} INFO - Arsha - Unisex
[2024-05-22T04:52:10.892+0000] {logging_mixin.py:154} INFO - Aricella - F
[2024-05-22T04:52:10.922+0000] {logging_mixin.py:154} INFO - Adan - M
[2024-05-22T04:52:10.951+0000] {logging_mixin.py:154} INFO - Apasra - F
[2024-05-22T04:52:10.990+0000] {logging_mixin.py:154} INFO - Alaysha - F
[2024-05-22T04:52:11.025+0000] {logging_mixin.py:154} INFO - Anderson - M
[2024-05-22T04:52:11.070+0000] {logging_mixin.py:154} INFO - Aurelius - M
[2024-05-22T04:52:11.104+0000] {logging_mixin.py:154} INFO - Aerial - F
[2024-05-22T04:52:11.147+0000] {logging_mixin.py:154} INFO - Averleigh - F
[2024-05-22T04:52:11.193+0000] {logging_mixin.py:154} INFO - Aslean - F
[2024-05-22T04:52:11.240+0000] {logging_mixin.py:154} INFO - Arniesha - F
[2024-05-22T04:52:11.273+0000] {logging_mixin.py:154} INFO - Asyana - F
[2024-05-22T04:52:11.308+0000] {logging_mixin.py:154} INFO - Annjane - F
[2024-05-22T04:52:11.344+0000] {logging_mixin.py:154} INFO - Amabella - F
[2024-05-22T04:52:11.379+0000] {logging_mixin.py:154} INFO - Austinjohn - M
[2024-05-22T04:52:11.416+0000] {logging_mixin.py:154} INFO - Arloween - F
[2024-05-22T04:52:11.451+0000] {logging_mixin.py:154} INFO - Alula - M
[2024-05-22T04:52:11.485+0000] {logging_mixin.py:154} INFO - Anemone - F
[2024-05-22T04:52:11.540+0000] {logging_mixin.py:154} INFO - Amorina - F
[2024-05-22T04:52:11.600+0000] {logging_mixin.py:154} INFO - Anureet - F
[2024-05-22T04:52:11.632+0000] {logging_mixin.py:154} INFO - Arric - M
[2024-05-22T04:52:11.668+0000] {logging_mixin.py:154} INFO - Antonne - M
[2024-05-22T04:52:11.700+0000] {logging_mixin.py:154} INFO - Alyre - M
[2024-05-22T04:52:11.734+0000] {logging_mixin.py:154} INFO - Annaise - F
[2024-05-22T04:52:11.835+0000] {NameGenderCSVtoRedshift_v4.py:75} INFO - load done
[2024-05-22T04:52:11.836+0000] {python.py:194} INFO - Done. Returned value was: None
[2024-05-22T04:52:11.845+0000] {taskinstance.py:1400} INFO - Marking task as SUCCESS. dag_id=name_gender_v4, task_id=load, execution_date=20240521T020000, start_date=20240522T045207, end_date=20240522T045211
[2024-05-22T04:52:11.891+0000] {local_task_job_runner.py:228} INFO - Task exited with return code 0
[2024-05-22T04:52:11.905+0000] {taskinstance.py:2778} INFO - 0 downstream tasks scheduled from follow-on schedule check
