[2024-05-21T07:05:31.631+0000] {taskinstance.py:1159} INFO - Dependencies all met for dep_context=non-requeueable deps ti=<TaskInstance: dag_v1.ls scheduled__2024-05-19T09:00:00+00:00 [queued]>
[2024-05-21T07:05:31.636+0000] {taskinstance.py:1159} INFO - Dependencies all met for dep_context=requeueable deps ti=<TaskInstance: dag_v1.ls scheduled__2024-05-19T09:00:00+00:00 [queued]>
[2024-05-21T07:05:31.636+0000] {taskinstance.py:1361} INFO - Starting attempt 1 of 2
[2024-05-21T07:05:31.642+0000] {taskinstance.py:1382} INFO - Executing <Task(BashOperator): ls> on 2024-05-19 09:00:00+00:00
[2024-05-21T07:05:31.645+0000] {standard_task_runner.py:57} INFO - Started process 117 to run task
[2024-05-21T07:05:31.647+0000] {standard_task_runner.py:84} INFO - Running: ['***', 'tasks', 'run', 'dag_v1', 'ls', 'scheduled__2024-05-19T09:00:00+00:00', '--job-id', '7', '--raw', '--subdir', 'DAGS_FOLDER/TestDAG.py', '--cfg-path', '/tmp/tmpql_2sit2']
[2024-05-21T07:05:31.649+0000] {standard_task_runner.py:85} INFO - Job 7: Subtask ls
[2024-05-21T07:05:31.672+0000] {task_command.py:416} INFO - Running <TaskInstance: dag_v1.ls scheduled__2024-05-19T09:00:00+00:00 [running]> on host b8721ae4b73c
[2024-05-21T07:05:31.704+0000] {taskinstance.py:1662} INFO - Exporting env vars: AIRFLOW_CTX_DAG_EMAIL='kyg8821@naver.com' AIRFLOW_CTX_DAG_OWNER='zjacom' AIRFLOW_CTX_DAG_ID='dag_v1' AIRFLOW_CTX_TASK_ID='ls' AIRFLOW_CTX_EXECUTION_DATE='2024-05-19T09:00:00+00:00' AIRFLOW_CTX_TRY_NUMBER='1' AIRFLOW_CTX_DAG_RUN_ID='scheduled__2024-05-19T09:00:00+00:00'
[2024-05-21T07:05:31.705+0000] {subprocess.py:63} INFO - Tmp dir root location: /tmp
[2024-05-21T07:05:31.705+0000] {subprocess.py:75} INFO - Running command: ['/bin/bash', '-c', 'ls /tmp']
[2024-05-21T07:05:31.710+0000] {subprocess.py:86} INFO - Output:
[2024-05-21T07:05:31.712+0000] {subprocess.py:93} INFO - ***tmp5531chcy
[2024-05-21T07:05:31.712+0000] {subprocess.py:93} INFO - ***tmpdy_3lp93
[2024-05-21T07:05:31.712+0000] {subprocess.py:93} INFO - pymp-attgxfdr
[2024-05-21T07:05:31.712+0000] {subprocess.py:93} INFO - pymp-pjjhluf8
[2024-05-21T07:05:31.712+0000] {subprocess.py:93} INFO - tmp5mvwzecs
[2024-05-21T07:05:31.713+0000] {subprocess.py:97} INFO - Command exited with return code 0
[2024-05-21T07:05:31.725+0000] {taskinstance.py:1400} INFO - Marking task as SUCCESS. dag_id=dag_v1, task_id=ls, execution_date=20240519T090000, start_date=20240521T070531, end_date=20240521T070531
[2024-05-21T07:05:31.748+0000] {local_task_job_runner.py:228} INFO - Task exited with return code 0
[2024-05-21T07:05:31.757+0000] {taskinstance.py:2778} INFO - 0 downstream tasks scheduled from follow-on schedule check
