[2024-05-24T07:38:02.248+0000] {taskinstance.py:1159} INFO - Dependencies all met for dep_context=non-requeueable deps ti=<TaskInstance: MySQL_to_Redshift_v2.mysql_to_s3_nps scheduled__2024-05-22T09:00:00+00:00 [queued]>
[2024-05-24T07:38:02.252+0000] {taskinstance.py:1159} INFO - Dependencies all met for dep_context=requeueable deps ti=<TaskInstance: MySQL_to_Redshift_v2.mysql_to_s3_nps scheduled__2024-05-22T09:00:00+00:00 [queued]>
[2024-05-24T07:38:02.252+0000] {taskinstance.py:1361} INFO - Starting attempt 2 of 2
[2024-05-24T07:38:02.258+0000] {taskinstance.py:1382} INFO - Executing <Task(SqlToS3Operator): mysql_to_s3_nps> on 2024-05-22 09:00:00+00:00
[2024-05-24T07:38:02.260+0000] {standard_task_runner.py:57} INFO - Started process 209 to run task
[2024-05-24T07:38:02.262+0000] {standard_task_runner.py:84} INFO - Running: ['***', 'tasks', 'run', 'MySQL_to_Redshift_v2', 'mysql_to_s3_nps', 'scheduled__2024-05-22T09:00:00+00:00', '--job-id', '4', '--raw', '--subdir', 'DAGS_FOLDER/MySQL_to_Redshift_v2.py', '--cfg-path', '/tmp/tmp4czrk_qh']
[2024-05-24T07:38:02.263+0000] {standard_task_runner.py:85} INFO - Job 4: Subtask mysql_to_s3_nps
[2024-05-24T07:38:02.286+0000] {task_command.py:416} INFO - Running <TaskInstance: MySQL_to_Redshift_v2.mysql_to_s3_nps scheduled__2024-05-22T09:00:00+00:00 [running]> on host d579a67aea10
[2024-05-24T07:38:02.304+0000] {warnings.py:109} WARNING - /home/***/.local/lib/python3.8/site-packages/***/utils/context.py:206: AirflowContextDeprecationWarning: Accessing 'execution_date' from the template is deprecated and will be removed in a future version. Please use 'data_interval_start' or 'logical_date' instead.
  warnings.warn(_create_deprecation_warning(key, self._deprecation_replacements[key]))

[2024-05-24T07:38:02.319+0000] {taskinstance.py:1662} INFO - Exporting env vars: AIRFLOW_CTX_DAG_OWNER='***' AIRFLOW_CTX_DAG_ID='MySQL_to_Redshift_v2' AIRFLOW_CTX_TASK_ID='mysql_to_s3_nps' AIRFLOW_CTX_EXECUTION_DATE='2024-05-22T09:00:00+00:00' AIRFLOW_CTX_TRY_NUMBER='2' AIRFLOW_CTX_DAG_RUN_ID='scheduled__2024-05-22T09:00:00+00:00'
[2024-05-24T07:38:02.323+0000] {base.py:73} INFO - Using connection ID 'mysql_conn_id' for task execution.
[2024-05-24T07:38:02.967+0000] {base.py:73} INFO - Using connection ID 'mysql_conn_id' for task execution.
[2024-05-24T07:38:03.159+0000] {warnings.py:109} WARNING - /home/***/.local/lib/python3.8/site-packages/***/providers/common/sql/hooks/sql.py:219: UserWarning: pandas only supports SQLAlchemy connectable (engine/connection) or database string URI or sqlite3 DBAPI2 connection. Other DBAPI2 objects are not tested. Please consider using SQLAlchemy.
  return psql.read_sql(sql, con=conn, params=parameters, **kwargs)

[2024-05-24T07:38:03.231+0000] {sql_to_s3.py:179} INFO - Data from SQL obtained
[2024-05-24T07:38:03.232+0000] {sql_to_s3.py:186} INFO - Writing data to temp file
[2024-05-24T07:38:03.234+0000] {sql_to_s3.py:189} INFO - Uploading data to S3
[2024-05-24T07:38:03.238+0000] {base.py:73} INFO - Using connection ID 'aws_conn_id' for task execution.
[2024-05-24T07:38:03.239+0000] {connection_wrapper.py:378} INFO - AWS Connection (conn_id='aws_conn_id', conn_type='aws') credentials retrieved from login and password.
[2024-05-24T07:38:03.468+0000] {warnings.py:109} WARNING - /home/***/.local/lib/python3.8/site-packages/urllib3/connectionpool.py:1061: InsecureRequestWarning: Unverified HTTPS request is being made to host 'grepp-data-engineering.s3.ap-northeast-2.amazonaws.com'. Adding certificate verification is strongly advised. See: https://urllib3.readthedocs.io/en/1.26.x/advanced-usage.html#ssl-warnings
  warnings.warn(

[2024-05-24T07:38:03.524+0000] {taskinstance.py:1400} INFO - Marking task as SUCCESS. dag_id=MySQL_to_Redshift_v2, task_id=mysql_to_s3_nps, execution_date=20240522T090000, start_date=20240524T073802, end_date=20240524T073803
[2024-05-24T07:38:03.546+0000] {local_task_job_runner.py:228} INFO - Task exited with return code 0
[2024-05-24T07:38:03.557+0000] {taskinstance.py:2778} INFO - 1 downstream tasks scheduled from follow-on schedule check
