[2024-05-22T04:20:52.989+0000] {taskinstance.py:1159} INFO - Dependencies all met for dep_context=non-requeueable deps ti=<TaskInstance: dag_v1.ls scheduled__2024-05-20T09:00:00+00:00 [queued]>
[2024-05-22T04:20:52.995+0000] {taskinstance.py:1159} INFO - Dependencies all met for dep_context=requeueable deps ti=<TaskInstance: dag_v1.ls scheduled__2024-05-20T09:00:00+00:00 [queued]>
[2024-05-22T04:20:52.997+0000] {taskinstance.py:1361} INFO - Starting attempt 1 of 2
[2024-05-22T04:20:53.004+0000] {taskinstance.py:1382} INFO - Executing <Task(BashOperator): ls> on 2024-05-20 09:00:00+00:00
[2024-05-22T04:20:53.007+0000] {standard_task_runner.py:57} INFO - Started process 61 to run task
[2024-05-22T04:20:53.009+0000] {standard_task_runner.py:84} INFO - Running: ['***', 'tasks', 'run', 'dag_v1', 'ls', 'scheduled__2024-05-20T09:00:00+00:00', '--job-id', '13', '--raw', '--subdir', 'DAGS_FOLDER/TestDAG.py', '--cfg-path', '/tmp/tmpqhquy4x8']
[2024-05-22T04:20:53.012+0000] {standard_task_runner.py:85} INFO - Job 13: Subtask ls
[2024-05-22T04:20:53.039+0000] {task_command.py:416} INFO - Running <TaskInstance: dag_v1.ls scheduled__2024-05-20T09:00:00+00:00 [running]> on host b8721ae4b73c
[2024-05-22T04:20:53.082+0000] {taskinstance.py:1662} INFO - Exporting env vars: AIRFLOW_CTX_DAG_EMAIL='kyg8821@naver.com' AIRFLOW_CTX_DAG_OWNER='zjacom' AIRFLOW_CTX_DAG_ID='dag_v1' AIRFLOW_CTX_TASK_ID='ls' AIRFLOW_CTX_EXECUTION_DATE='2024-05-20T09:00:00+00:00' AIRFLOW_CTX_TRY_NUMBER='1' AIRFLOW_CTX_DAG_RUN_ID='scheduled__2024-05-20T09:00:00+00:00'
[2024-05-22T04:20:53.083+0000] {subprocess.py:63} INFO - Tmp dir root location: /tmp
[2024-05-22T04:20:53.084+0000] {subprocess.py:75} INFO - Running command: ['/bin/bash', '-c', 'ls /tmp']
[2024-05-22T04:20:53.089+0000] {subprocess.py:86} INFO - Output:
[2024-05-22T04:20:53.091+0000] {subprocess.py:93} INFO - ***tmp_70p98a8
[2024-05-22T04:20:53.091+0000] {subprocess.py:93} INFO - ***tmpkwiuaqr2
[2024-05-22T04:20:53.091+0000] {subprocess.py:93} INFO - pymp-3ekhofnd
[2024-05-22T04:20:53.092+0000] {subprocess.py:93} INFO - pymp-attgxfdr
[2024-05-22T04:20:53.092+0000] {subprocess.py:93} INFO - tmp5mvwzecs
[2024-05-22T04:20:53.092+0000] {subprocess.py:97} INFO - Command exited with return code 0
[2024-05-22T04:20:53.107+0000] {taskinstance.py:1400} INFO - Marking task as SUCCESS. dag_id=dag_v1, task_id=ls, execution_date=20240520T090000, start_date=20240522T042052, end_date=20240522T042053
[2024-05-22T04:20:53.150+0000] {local_task_job_runner.py:228} INFO - Task exited with return code 0
[2024-05-22T04:20:53.158+0000] {taskinstance.py:2778} INFO - 0 downstream tasks scheduled from follow-on schedule check
