[2024-05-22T06:01:15.988+0000] {taskinstance.py:1159} INFO - Dependencies all met for dep_context=non-requeueable deps ti=<TaskInstance: UpdateSymbol.load manual__2024-05-22T06:01:12.594847+00:00 [queued]>
[2024-05-22T06:01:15.992+0000] {taskinstance.py:1159} INFO - Dependencies all met for dep_context=requeueable deps ti=<TaskInstance: UpdateSymbol.load manual__2024-05-22T06:01:12.594847+00:00 [queued]>
[2024-05-22T06:01:15.992+0000] {taskinstance.py:1361} INFO - Starting attempt 1 of 1
[2024-05-22T06:01:15.998+0000] {taskinstance.py:1382} INFO - Executing <Task(_PythonDecoratedOperator): load> on 2024-05-22 06:01:12.594847+00:00
[2024-05-22T06:01:16.001+0000] {standard_task_runner.py:57} INFO - Started process 1556 to run task
[2024-05-22T06:01:16.003+0000] {standard_task_runner.py:84} INFO - Running: ['***', 'tasks', 'run', 'UpdateSymbol', 'load', 'manual__2024-05-22T06:01:12.594847+00:00', '--job-id', '24', '--raw', '--subdir', 'DAGS_FOLDER/UpdateSymbol.py', '--cfg-path', '/tmp/tmpaelht_wz']
[2024-05-22T06:01:16.004+0000] {standard_task_runner.py:85} INFO - Job 24: Subtask load
[2024-05-22T06:01:16.026+0000] {task_command.py:416} INFO - Running <TaskInstance: UpdateSymbol.load manual__2024-05-22T06:01:12.594847+00:00 [running]> on host b8721ae4b73c
[2024-05-22T06:01:16.067+0000] {taskinstance.py:1662} INFO - Exporting env vars: AIRFLOW_CTX_DAG_OWNER='***' AIRFLOW_CTX_DAG_ID='UpdateSymbol' AIRFLOW_CTX_TASK_ID='load' AIRFLOW_CTX_EXECUTION_DATE='2024-05-22T06:01:12.594847+00:00' AIRFLOW_CTX_TRY_NUMBER='1' AIRFLOW_CTX_DAG_RUN_ID='manual__2024-05-22T06:01:12.594847+00:00'
[2024-05-22T06:01:16.068+0000] {UpdateSymbol.py:34} INFO - load started
[2024-05-22T06:01:16.072+0000] {base.py:73} INFO - Using connection ID 'redshift_dev_db' for task execution.
[2024-05-22T06:01:16.221+0000] {logging_mixin.py:154} INFO - INSERT INTO kyg8821.stock_info VALUES ('2024-04-22 00:00:00', 165.2957978276927, 167.0334311443882, 164.54681374618735, 165.6153564453125, 48116400.0);
[2024-05-22T06:01:21.750+0000] {logging_mixin.py:154} INFO - INSERT INTO kyg8821.stock_info VALUES ('2024-04-23 00:00:00', 165.12603141917054, 166.8237256382575, 164.69660595141522, 166.67391967773438, 49537800.0);
[2024-05-22T06:01:21.806+0000] {logging_mixin.py:154} INFO - INSERT INTO kyg8821.stock_info VALUES ('2024-04-24 00:00:00', 166.314409667324, 169.07068091357843, 165.98487007216977, 168.7910614013672, 48251800.0);
[2024-05-22T06:01:21.865+0000] {logging_mixin.py:154} INFO - INSERT INTO kyg8821.stock_info VALUES ('2024-04-25 00:00:00', 169.30036860607288, 170.37890756324487, 167.92223295444407, 169.65988159179688, 50558300.0);
[2024-05-22T06:01:21.929+0000] {logging_mixin.py:154} INFO - INSERT INTO kyg8821.stock_info VALUES ('2024-04-26 00:00:00', 169.64989490386353, 171.10790873595283, 168.95083089432222, 169.0706787109375, 44838400.0);
[2024-05-22T06:01:21.981+0000] {logging_mixin.py:154} INFO - INSERT INTO kyg8821.stock_info VALUES ('2024-04-29 00:00:00', 173.135155347243, 175.79155587925112, 172.86553204943687, 173.26498413085938, 68169400.0);
[2024-05-22T06:01:22.031+0000] {logging_mixin.py:154} INFO - INSERT INTO kyg8821.stock_info VALUES ('2024-04-30 00:00:00', 173.0952254245227, 174.75298060286988, 169.76973409860494, 170.0992889404297, 65934800.0);
[2024-05-22T06:01:22.087+0000] {logging_mixin.py:154} INFO - INSERT INTO kyg8821.stock_info VALUES ('2024-05-01 00:00:00', 169.35029821950587, 172.47606337229135, 168.88093363624031, 169.0706787109375, 50383100.0);
[2024-05-22T06:01:22.140+0000] {logging_mixin.py:154} INFO - INSERT INTO kyg8821.stock_info VALUES ('2024-05-02 00:00:00', 172.27632387025395, 173.18509490154895, 170.65852309137927, 172.79562377929688, 94214900.0);
[2024-05-22T06:01:22.194+0000] {logging_mixin.py:154} INFO - INSERT INTO kyg8821.stock_info VALUES ('2024-05-03 00:00:00', 186.39716669784414, 186.74669869974952, 182.41258111434803, 183.13160705566406, 163224100.0);
[2024-05-22T06:01:22.248+0000] {logging_mixin.py:154} INFO - INSERT INTO kyg8821.stock_info VALUES ('2024-05-06 00:00:00', 182.1030149635848, 183.95050001542788, 180.17562120419342, 181.46388244628906, 78569700.0);
[2024-05-22T06:01:22.298+0000] {logging_mixin.py:154} INFO - INSERT INTO kyg8821.stock_info VALUES ('2024-05-07 00:00:00', 183.2015043518014, 184.6495372034914, 181.07439990990315, 182.15292358398438, 77305800.0);
[2024-05-22T06:01:22.352+0000] {logging_mixin.py:154} INFO - INSERT INTO kyg8821.stock_info VALUES ('2024-05-08 00:00:00', 182.60232902746063, 182.82203224839753, 181.20421623621485, 182.4924774169922, 45057100.0);
[2024-05-22T06:01:22.406+0000] {logging_mixin.py:154} INFO - INSERT INTO kyg8821.stock_info VALUES ('2024-05-09 00:00:00', 182.31272011600538, 184.4098817621062, 181.86333268844692, 184.32000732421875, 48983000.0);
[2024-05-22T06:01:22.450+0000] {logging_mixin.py:154} INFO - INSERT INTO kyg8821.stock_info VALUES ('2024-05-10 00:00:00', 184.89999389648438, 185.08999633789062, 182.1300048828125, 183.0500030517578, 50759500.0);
[2024-05-22T06:01:22.523+0000] {logging_mixin.py:154} INFO - INSERT INTO kyg8821.stock_info VALUES ('2024-05-13 00:00:00', 185.44000244140625, 187.10000610351562, 184.6199951171875, 186.27999877929688, 72044800.0);
[2024-05-22T06:01:22.572+0000] {logging_mixin.py:154} INFO - INSERT INTO kyg8821.stock_info VALUES ('2024-05-14 00:00:00', 187.50999450683594, 188.3000030517578, 186.2899932861328, 187.42999267578125, 52393600.0);
[2024-05-22T06:01:22.629+0000] {logging_mixin.py:154} INFO - INSERT INTO kyg8821.stock_info VALUES ('2024-05-15 00:00:00', 187.91000366210938, 190.64999389648438, 187.3699951171875, 189.72000122070312, 70400000.0);
[2024-05-22T06:01:22.742+0000] {logging_mixin.py:154} INFO - INSERT INTO kyg8821.stock_info VALUES ('2024-05-16 00:00:00', 190.47000122070312, 191.10000610351562, 189.66000366210938, 189.83999633789062, 52845200.0);
[2024-05-22T06:01:22.787+0000] {logging_mixin.py:154} INFO - INSERT INTO kyg8821.stock_info VALUES ('2024-05-17 00:00:00', 189.50999450683594, 190.80999755859375, 189.17999267578125, 189.8699951171875, 41282900.0);
[2024-05-22T06:01:22.828+0000] {logging_mixin.py:154} INFO - INSERT INTO kyg8821.stock_info VALUES ('2024-05-20 00:00:00', 189.3300018310547, 191.9199981689453, 189.00999450683594, 191.0399932861328, 44361300.0);
[2024-05-22T06:01:22.875+0000] {logging_mixin.py:154} INFO - INSERT INTO kyg8821.stock_info VALUES ('2024-05-21 00:00:00', 191.08999633789062, 192.72999572753906, 190.9199981689453, 192.35000610351562, 42263500.0);
[2024-05-22T06:01:23.036+0000] {UpdateSymbol.py:59} INFO - load done
[2024-05-22T06:01:23.044+0000] {python.py:194} INFO - Done. Returned value was: None
[2024-05-22T06:01:23.069+0000] {taskinstance.py:1400} INFO - Marking task as SUCCESS. dag_id=UpdateSymbol, task_id=load, execution_date=20240522T060112, start_date=20240522T060115, end_date=20240522T060123
[2024-05-22T06:01:23.114+0000] {local_task_job_runner.py:228} INFO - Task exited with return code 0
[2024-05-22T06:01:23.131+0000] {taskinstance.py:2778} INFO - 0 downstream tasks scheduled from follow-on schedule check
